{"C:\\Users\\Matheus\\Documents\\projetos fullstack\\cmder\\convertmymoney\\lib\\api.bc.js": {"path":"C:\\Users\\Matheus\\Documents\\projetos fullstack\\cmder\\convertmymoney\\lib\\api.bc.js","statementMap":{"0":{"start":{"line":1,"column":14},"end":{"line":1,"column":30}},"1":{"start":{"line":2,"column":15},"end":{"line":2,"column":236}},"2":{"start":{"line":2,"column":23},"end":{"line":2,"column":236}},"3":{"start":{"line":5,"column":22},"end":{"line":5,"column":45}},"4":{"start":{"line":5,"column":31},"end":{"line":5,"column":45}},"5":{"start":{"line":6,"column":23},"end":{"line":6,"column":62}},"6":{"start":{"line":6,"column":31},"end":{"line":6,"column":61}},"7":{"start":{"line":7,"column":17},"end":{"line":10,"column":1}},"8":{"start":{"line":8,"column":14},"end":{"line":8,"column":22}},"9":{"start":{"line":9,"column":0},"end":{"line":9,"column":71}},"10":{"start":{"line":11,"column":19},"end":{"line":21,"column":1}},"11":{"start":{"line":11,"column":74},"end":{"line":21,"column":1}},"12":{"start":{"line":12,"column":0},"end":{"line":20,"column":5}},"13":{"start":{"line":13,"column":18},"end":{"line":13,"column":28}},"14":{"start":{"line":14,"column":16},"end":{"line":14,"column":29}},"15":{"start":{"line":15,"column":16},"end":{"line":15,"column":40}},"16":{"start":{"line":16,"column":20},"end":{"line":16,"column":39}},"17":{"start":{"line":17,"column":4},"end":{"line":17,"column":18}},"18":{"start":{"line":19,"column":8},"end":{"line":19,"column":17}},"19":{"start":{"line":23,"column":0},"end":{"line":32,"column":1}}},"fnMap":{"0":{"name":"(anonymous_0)","decl":{"start":{"line":2,"column":15},"end":{"line":2,"column":16}},"loc":{"start":{"line":2,"column":23},"end":{"line":2,"column":236}},"line":2},"1":{"name":"(anonymous_1)","decl":{"start":{"line":5,"column":22},"end":{"line":5,"column":23}},"loc":{"start":{"line":5,"column":31},"end":{"line":5,"column":45}},"line":5},"2":{"name":"(anonymous_2)","decl":{"start":{"line":6,"column":23},"end":{"line":6,"column":24}},"loc":{"start":{"line":6,"column":31},"end":{"line":6,"column":61}},"line":6},"3":{"name":"(anonymous_3)","decl":{"start":{"line":7,"column":17},"end":{"line":7,"column":18}},"loc":{"start":{"line":7,"column":22},"end":{"line":10,"column":1}},"line":7},"4":{"name":"(anonymous_4)","decl":{"start":{"line":11,"column":19},"end":{"line":11,"column":20}},"loc":{"start":{"line":11,"column":74},"end":{"line":21,"column":1}},"line":11},"5":{"name":"(anonymous_5)","decl":{"start":{"line":11,"column":74},"end":{"line":11,"column":75}},"loc":{"start":{"line":11,"column":85},"end":{"line":21,"column":1}},"line":11}},"branchMap":{},"s":{"0":1,"1":1,"2":1,"3":1,"4":1,"5":1,"6":1,"7":1,"8":1,"9":1,"10":1,"11":3,"12":2,"13":2,"14":2,"15":2,"16":1,"17":1,"18":1,"19":1},"f":{"0":1,"1":1,"2":1,"3":1,"4":3,"5":2},"b":{},"_coverageSchema":"1a1c01bbd47fc00a2c39e90264f33305004495a9","hash":"3c3225df996946e2c3615902a5cff79e03c462e7"}
,"C:\\Users\\Matheus\\Documents\\projetos fullstack\\cmder\\convertmymoney\\lib\\convert.js": {"path":"C:\\Users\\Matheus\\Documents\\projetos fullstack\\cmder\\convertmymoney\\lib\\convert.js","statementMap":{"0":{"start":{"line":1,"column":16},"end":{"line":3,"column":1}},"1":{"start":{"line":2,"column":4},"end":{"line":2,"column":31}},"2":{"start":{"line":5,"column":16},"end":{"line":7,"column":1}},"3":{"start":{"line":6,"column":4},"end":{"line":6,"column":39}},"4":{"start":{"line":9,"column":0},"end":{"line":12,"column":1}}},"fnMap":{"0":{"name":"(anonymous_0)","decl":{"start":{"line":1,"column":16},"end":{"line":1,"column":17}},"loc":{"start":{"line":1,"column":38},"end":{"line":3,"column":1}},"line":1},"1":{"name":"(anonymous_1)","decl":{"start":{"line":5,"column":16},"end":{"line":5,"column":17}},"loc":{"start":{"line":5,"column":24},"end":{"line":7,"column":1}},"line":5}},"branchMap":{},"s":{"0":1,"1":2,"2":1,"3":2,"4":1},"f":{"0":2,"1":2},"b":{},"_coverageSchema":"1a1c01bbd47fc00a2c39e90264f33305004495a9","hash":"2cf8449e8d0de9c1419746bfd7822a2ce622b21c"}
}
